<?xml version="1.0" encoding="UTF-8"?>
<testng-results skipped="0" failed="0" ignored="0" total="1" passed="1">
  <reporter-output>
  </reporter-output>
  <suite name="Default suite" duration-ms="35" started-at="2020-08-07T19:01:37 IST" finished-at="2020-08-07T19:01:37 IST">
    <groups>
    </groups>
    <test name="Default test" duration-ms="35" started-at="2020-08-07T19:01:37 IST" finished-at="2020-08-07T19:01:37 IST">
      <class name="com.qa.tests.FirstGitTest">
        <test-method status="PASS" signature="addTest()[pri:0, instance:com.qa.tests.FirstGitTest@31dc339b]" name="addTest" duration-ms="8" started-at="2020-08-07T19:01:37 IST" finished-at="2020-08-07T19:01:37 IST">
          <reporter-output>
          </reporter-output>
        </test-method> <!-- addTest -->
      </class> <!-- com.qa.tests.FirstGitTest -->
    </test> <!-- Default test -->
  </suite> <!-- Default suite -->
</testng-results>
